<?xml version="1.0" encoding="UTF-8"?>
<!-- Generated by org.testng.reporters.JUnitReportReporter -->
<testsuite hostname="Lucky" failures="0" tests="1" name="NimapTest.LoginTest" time="17.042" errors="0" timestamp="2025-04-17T15:33:04 IST" skipped="0">
  <testcase classname="NimapTest.LoginTest" name="loginTest" time="17.042"/>
</testsuite> <!-- NimapTest.LoginTest -->
